Training on cuda:0
FineAll: Epoch 10: Total Loss = 18.00359258055687, Avg. Time/Epoch = 26.764023327827452
FineAll: Epoch 10: Root accuracy on the dev set = 0.3206176203451408
FineAll: Epoch 20: Total Loss = 16.58121171593666, Avg. Time/Epoch = 26.78036527633667
FineAll: Epoch 20: Root accuracy on the dev set = 0.40962761126248864
FineAll: Epoch 30: Total Loss = 15.408891379833221, Avg. Time/Epoch = 26.735179042816164
FineAll: Epoch 30: Root accuracy on the dev set = 0.3851044504995459
FineAll: Epoch 40: Total Loss = 14.649514257907867, Avg. Time/Epoch = 26.59487028121948
FineAll: Epoch 40: Root accuracy on the dev set = 0.37329700272479566
FineAll: Epoch 50: Total Loss = 14.148299187421799, Avg. Time/Epoch = 26.82544617652893
FineAll: Epoch 50: Root accuracy on the dev set = 0.39509536784741145
FineAll: Epoch 60: Total Loss = 13.737928718328476, Avg. Time/Epoch = 26.390739941596983
FineAll: Epoch 60: Root accuracy on the dev set = 0.39691189827429607
FineAll: Epoch 70: Total Loss = 13.629051893949509, Avg. Time/Epoch = 26.2980206489563
FineAll: Epoch 70: Root accuracy on the dev set = 0.3787465940054496
FineAll: Epoch 80: Total Loss = 13.378146529197693, Avg. Time/Epoch = 26.486803245544433
FineAll: Epoch 80: Root accuracy on the dev set = 0.3869209809264305
FineAll: Epoch 90: Total Loss = 13.199788630008698, Avg. Time/Epoch = 26.49100797176361
FineAll: Epoch 90: Root accuracy on the dev set = 0.3905540417801998
FineAll: Epoch 100: Total Loss = 12.731687992811203, Avg. Time/Epoch = 26.3529091835022
FineAll: Epoch 100: Root accuracy on the dev set = 0.3960036330608538
FineAll: Epoch 110: Total Loss = 12.636351644992828, Avg. Time/Epoch = 26.088938522338868
FineAll: Epoch 110: Root accuracy on the dev set = 0.39691189827429607
FineAll: Epoch 120: Total Loss = 12.447499513626099, Avg. Time/Epoch = 26.082763290405275
FineAll: Epoch 120: Root accuracy on the dev set = 0.38419618528610355
FineAll: Epoch 130: Total Loss = 12.540700823068619, Avg. Time/Epoch = 26.19229667186737
FineAll: Epoch 130: Root accuracy on the dev set = 0.39146230699364215
FineAll: Epoch 140: Total Loss = 12.258274793624878, Avg. Time/Epoch = 26.095702815055848
FineAll: Epoch 140: Root accuracy on the dev set = 0.3960036330608538
FineAll: Epoch 150: Total Loss = 12.266464918851852, Avg. Time/Epoch = 26.360270023345947
FineAll: Epoch 150: Root accuracy on the dev set = 0.40236148955495005
FineAll: Epoch 160: Total Loss = 12.29329565167427, Avg. Time/Epoch = 25.92991945743561
FineAll: Epoch 160: Root accuracy on the dev set = 0.37693006357856496
FineAll: Epoch 170: Total Loss = 11.7227423787117, Avg. Time/Epoch = 25.680873537063597
FineAll: Epoch 170: Root accuracy on the dev set = 0.3905540417801998
FineAll: Epoch 180: Total Loss = 11.890651822090149, Avg. Time/Epoch = 26.057390880584716
FineAll: Epoch 180: Root accuracy on the dev set = 0.3932788374205268
FineAll: Epoch 190: Total Loss = 11.629295885562897, Avg. Time/Epoch = 26.276438856124877
FineAll: Epoch 190: Root accuracy on the dev set = 0.37783832879200724
FineAll: Epoch 200: Total Loss = 11.520271360874176, Avg. Time/Epoch = 26.265343046188356
FineAll: Epoch 200: Root accuracy on the dev set = 0.3642143505903724
FineAll: Epoch 210: Total Loss = 11.487074434757233, Avg. Time/Epoch = 26.229339385032652
FineAll: Epoch 210: Root accuracy on the dev set = 0.3860127157129882
FineAll: Epoch 220: Total Loss = 11.489630937576294, Avg. Time/Epoch = 26.129748368263243
FineAll: Epoch 220: Root accuracy on the dev set = 0.3651226158038147
FineAll: Epoch 230: Total Loss = 11.511910617351532, Avg. Time/Epoch = 27.15267629623413
FineAll: Epoch 230: Root accuracy on the dev set = 0.3578564940962761
FineAll: Epoch 240: Total Loss = 11.155826032161713, Avg. Time/Epoch = 27.394384145736694
FineAll: Epoch 240: Root accuracy on the dev set = 0.368755676657584
FineAll: Epoch 250: Total Loss = 11.115574777126312, Avg. Time/Epoch = 27.304462218284606
FineAll: Epoch 250: Root accuracy on the dev set = 0.37420526793823794
FineAll: Epoch 260: Total Loss = 10.846664905548096, Avg. Time/Epoch = 27.327703523635865
FineAll: Epoch 260: Root accuracy on the dev set = 0.36966394187102636
FineAll: Epoch 270: Total Loss = 11.207158416509628, Avg. Time/Epoch = 27.41879720687866
FineAll: Epoch 270: Root accuracy on the dev set = 0.36693914623069934
FineAll: Epoch 280: Total Loss = 10.72588986158371, Avg. Time/Epoch = 27.438272976875304
FineAll: Epoch 280: Root accuracy on the dev set = 0.3651226158038147
FineAll: Epoch 290: Total Loss = 10.773370116949081, Avg. Time/Epoch = 27.39684154987335
FineAll: Epoch 290: Root accuracy on the dev set = 0.3751135331516803
FineAll: Epoch 300: Total Loss = 10.614295452833176, Avg. Time/Epoch = 27.4793342590332
FineAll: Epoch 300: Root accuracy on the dev set = 0.37329700272479566
FineAll: Epoch 310: Total Loss = 10.656240820884705, Avg. Time/Epoch = 27.37386381626129
FineAll: Epoch 310: Root accuracy on the dev set = 0.36693914623069934
FineAll: Epoch 320: Total Loss = 10.447314977645874, Avg. Time/Epoch = 27.336102747917174
FineAll: Epoch 320: Root accuracy on the dev set = 0.371480472297911
FineAll: Epoch 330: Total Loss = 10.642711967229843, Avg. Time/Epoch = 27.411984086036682
FineAll: Epoch 330: Root accuracy on the dev set = 0.37057220708446864
FineAll: Epoch 340: Total Loss = 10.969843626022339, Avg. Time/Epoch = 27.493686580657958
FineAll: Epoch 340: Root accuracy on the dev set = 0.3642143505903724
FineAll: Epoch 350: Total Loss = 10.291800528764725, Avg. Time/Epoch = 26.882639360427856
FineAll: Epoch 350: Root accuracy on the dev set = 0.3678474114441417
FineAll: Epoch 360: Total Loss = 10.326857835054398, Avg. Time/Epoch = 26.4115238904953
FineAll: Epoch 360: Root accuracy on the dev set = 0.35967302452316074
FineAll: Epoch 370: Total Loss = 10.839402824640274, Avg. Time/Epoch = 26.288682794570924
FineAll: Epoch 370: Root accuracy on the dev set = 0.36330608537693004
FineAll: Epoch 380: Total Loss = 10.312755346298218, Avg. Time/Epoch = 26.34188780784607
FineAll: Epoch 380: Root accuracy on the dev set = 0.35967302452316074
FineAll: Epoch 390: Total Loss = 10.376345813274384, Avg. Time/Epoch = 26.29726631641388
FineAll: Epoch 390: Root accuracy on the dev set = 0.3442325158946412
FineAll: Epoch 400: Total Loss = 10.043098330497742, Avg. Time/Epoch = 26.246346712112427
FineAll: Epoch 400: Root accuracy on the dev set = 0.36966394187102636
FineAll: Epoch 410: Total Loss = 10.772054523229599, Avg. Time/Epoch = 26.30195634365082
FineAll: Epoch 410: Root accuracy on the dev set = 0.34877384196185285
FineAll: Epoch 420: Total Loss = 10.000376999378204, Avg. Time/Epoch = 26.42591760158539
FineAll: Epoch 420: Root accuracy on the dev set = 0.36239782016348776
FineAll: Epoch 430: Total Loss = 10.13815250992775, Avg. Time/Epoch = 26.41524064540863
FineAll: Epoch 430: Root accuracy on the dev set = 0.37329700272479566
FineAll: Epoch 440: Total Loss = 10.032162427902222, Avg. Time/Epoch = 26.453063869476317
FineAll: Epoch 440: Root accuracy on the dev set = 0.3478655767484105
FineAll: Epoch 450: Total Loss = 9.913469910621643, Avg. Time/Epoch = 27.467151856422426
FineAll: Epoch 450: Root accuracy on the dev set = 0.368755676657584
FineAll: Epoch 460: Total Loss = 10.6436088681221, Avg. Time/Epoch = 26.5319766998291
FineAll: Epoch 460: Root accuracy on the dev set = 0.3478655767484105
FineAll: Epoch 470: Total Loss = 9.854828387498856, Avg. Time/Epoch = 26.49825773239136
FineAll: Epoch 470: Root accuracy on the dev set = 0.3614895549500454
FineAll: Epoch 480: Total Loss = 9.810828238725662, Avg. Time/Epoch = 26.498222875595093
FineAll: Epoch 480: Root accuracy on the dev set = 0.35967302452316074
FineAll: Epoch 490: Total Loss = 9.829006314277649, Avg. Time/Epoch = 26.44014620780945
FineAll: Epoch 490: Root accuracy on the dev set = 0.3533151680290645
FineAll: Epoch 500: Total Loss = 9.757027387619019, Avg. Time/Epoch = 26.530773401260376
FineAll: Epoch 500: Root accuracy on the dev set = 0.35876475930971846
FineAll: Epoch 510: Total Loss = 10.0954410135746, Avg. Time/Epoch = 26.23470718860626
FineAll: Epoch 510: Root accuracy on the dev set = 0.3496821071752952
FineAll: Epoch 520: Total Loss = 9.609082579612732, Avg. Time/Epoch = 26.396200704574586
FineAll: Epoch 520: Root accuracy on the dev set = 0.34514078110808355
FineAll: Epoch 530: Total Loss = 9.73499196767807, Avg. Time/Epoch = 26.25141155719757
FineAll: Epoch 530: Root accuracy on the dev set = 0.3278837420526794
FineAll: Epoch 540: Total Loss = 10.087097883224487, Avg. Time/Epoch = 26.349291968345643
FineAll: Epoch 540: Root accuracy on the dev set = 0.35513169845594916
FineAll: Epoch 550: Total Loss = 9.636317193508148, Avg. Time/Epoch = 26.282856702804565
FineAll: Epoch 550: Root accuracy on the dev set = 0.35876475930971846
FineAll: Epoch 560: Total Loss = 9.97448781132698, Avg. Time/Epoch = 27.33432283401489
FineAll: Epoch 560: Root accuracy on the dev set = 0.35876475930971846
FineAll: Epoch 570: Total Loss = 10.066888928413391, Avg. Time/Epoch = 26.90223171710968
FineAll: Epoch 570: Root accuracy on the dev set = 0.3578564940962761
FineAll: Epoch 580: Total Loss = 9.77620255947113, Avg. Time/Epoch = 26.911055064201356
FineAll: Epoch 580: Root accuracy on the dev set = 0.3569482288828338
FineAll: Epoch 590: Total Loss = 9.495798230171204, Avg. Time/Epoch = 27.03776845932007
FineAll: Epoch 590: Root accuracy on the dev set = 0.3605812897366031
FineAll: Epoch 600: Total Loss = 9.822232365608215, Avg. Time/Epoch = 26.93112771511078
FineAll: Epoch 600: Root accuracy on the dev set = 0.3505903723887375
FineAll: Epoch 610: Total Loss = 9.977364510297775, Avg. Time/Epoch = 25.340789365768433
FineAll: Epoch 610: Root accuracy on the dev set = 0.35513169845594916
FineAll: Epoch 620: Total Loss = 9.59832888841629, Avg. Time/Epoch = 25.426080417633056
FineAll: Epoch 620: Root accuracy on the dev set = 0.3578564940962761
FineAll: Epoch 630: Total Loss = 9.767577111721039, Avg. Time/Epoch = 25.31937692165375
FineAll: Epoch 630: Root accuracy on the dev set = 0.33787465940054495
FineAll: Epoch 640: Total Loss = 9.287294059991837, Avg. Time/Epoch = 25.376673293113708
FineAll: Epoch 640: Root accuracy on the dev set = 0.3533151680290645
FineAll: Epoch 650: Total Loss = 9.567016929388046, Avg. Time/Epoch = 25.54577829837799
FineAll: Epoch 650: Root accuracy on the dev set = 0.3496821071752952
FineAll: Epoch 660: Total Loss = 9.61483946442604, Avg. Time/Epoch = 25.70017464160919
FineAll: Epoch 660: Root accuracy on the dev set = 0.35149863760217986
FineAll: Epoch 670: Total Loss = 9.691207885742188, Avg. Time/Epoch = 25.64599585533142
FineAll: Epoch 670: Root accuracy on the dev set = 0.3605812897366031
FineAll: Epoch 680: Total Loss = 9.404886305332184, Avg. Time/Epoch = 25.764855337142944
FineAll: Epoch 680: Root accuracy on the dev set = 0.35876475930971846
FineAll: Epoch 690: Total Loss = 9.290828436613083, Avg. Time/Epoch = 25.68945233821869
FineAll: Epoch 690: Root accuracy on the dev set = 0.3569482288828338
FineAll: Epoch 700: Total Loss = 9.607470870018005, Avg. Time/Epoch = 25.690290570259094
FineAll: Epoch 700: Root accuracy on the dev set = 0.3533151680290645
FineAll: Epoch 710: Total Loss = 9.18287056684494, Avg. Time/Epoch = 25.613995265960693
FineAll: Epoch 710: Root accuracy on the dev set = 0.34514078110808355
FineAll: Epoch 720: Total Loss = 9.360695272684097, Avg. Time/Epoch = 25.612515020370484
FineAll: Epoch 720: Root accuracy on the dev set = 0.3442325158946412
FineAll: Epoch 730: Total Loss = 9.526627033948898, Avg. Time/Epoch = 25.761430072784425
FineAll: Epoch 730: Root accuracy on the dev set = 0.33605812897366033
FineAll: Epoch 740: Total Loss = 9.298229455947876, Avg. Time/Epoch = 25.595822167396545
FineAll: Epoch 740: Root accuracy on the dev set = 0.3542234332425068
FineAll: Epoch 750: Total Loss = 9.214771181344986, Avg. Time/Epoch = 25.48364725112915
FineAll: Epoch 750: Root accuracy on the dev set = 0.34332425068119893
FineAll: Epoch 760: Total Loss = 9.45788660645485, Avg. Time/Epoch = 25.535720562934877
FineAll: Epoch 760: Root accuracy on the dev set = 0.3605812897366031
FineAll: Epoch 770: Total Loss = 9.113108471035957, Avg. Time/Epoch = 25.351033401489257
FineAll: Epoch 770: Root accuracy on the dev set = 0.3469573115349682
FineAll: Epoch 780: Total Loss = 9.115867972373962, Avg. Time/Epoch = 25.271507477760316
FineAll: Epoch 780: Root accuracy on the dev set = 0.35240690281562215
FineAll: Epoch 790: Total Loss = 9.013327211141586, Avg. Time/Epoch = 25.373900485038757
FineAll: Epoch 790: Root accuracy on the dev set = 0.3478655767484105
FineAll: Epoch 800: Total Loss = 9.376609832048416, Avg. Time/Epoch = 25.27387387752533
FineAll: Epoch 800: Root accuracy on the dev set = 0.3442325158946412
FineAll: Epoch 810: Total Loss = 9.12371227145195, Avg. Time/Epoch = 25.2725839138031
FineAll: Epoch 810: Root accuracy on the dev set = 0.3442325158946412
FineAll: Epoch 820: Total Loss = 8.976224094629288, Avg. Time/Epoch = 25.22440457344055
FineAll: Epoch 820: Root accuracy on the dev set = 0.34514078110808355
FineAll: Epoch 830: Total Loss = 8.946636825799942, Avg. Time/Epoch = 25.247789525985716
FineAll: Epoch 830: Root accuracy on the dev set = 0.3424159854677566
FineAll: Epoch 840: Total Loss = 9.01107743382454, Avg. Time/Epoch = 25.279740309715272
FineAll: Epoch 840: Root accuracy on the dev set = 0.335149863760218
FineAll: Epoch 850: Total Loss = 9.058475464582443, Avg. Time/Epoch = 25.249208068847658
FineAll: Epoch 850: Root accuracy on the dev set = 0.33605812897366033
FineAll: Epoch 860: Total Loss = 9.31534418463707, Avg. Time/Epoch = 25.313190197944643
FineAll: Epoch 860: Root accuracy on the dev set = 0.3405994550408719
FineAll: Epoch 870: Total Loss = 8.873005136847496, Avg. Time/Epoch = 25.2980899810791
FineAll: Epoch 870: Root accuracy on the dev set = 0.34150772025431425
FineAll: Epoch 880: Total Loss = 8.890616089105606, Avg. Time/Epoch = 25.315156006813048
FineAll: Epoch 880: Root accuracy on the dev set = 0.335149863760218
FineAll: Epoch 890: Total Loss = 8.896269276738167, Avg. Time/Epoch = 25.349862909317018
FineAll: Epoch 890: Root accuracy on the dev set = 0.3442325158946412
FineAll: Epoch 900: Total Loss = 8.84200444817543, Avg. Time/Epoch = 25.538426327705384
FineAll: Epoch 900: Root accuracy on the dev set = 0.33969118982742963
FineAll: Epoch 910: Total Loss = 8.814755365252495, Avg. Time/Epoch = 25.631680417060853
FineAll: Epoch 910: Root accuracy on the dev set = 0.3369663941871026
FineAll: Epoch 920: Total Loss = 8.810448035597801, Avg. Time/Epoch = 25.700476622581483
FineAll: Epoch 920: Root accuracy on the dev set = 0.33424159854677565
FineAll: Epoch 930: Total Loss = 9.095528572797775, Avg. Time/Epoch = 25.64836993217468
FineAll: Epoch 930: Root accuracy on the dev set = 0.3505903723887375
FineAll: Epoch 940: Total Loss = 8.759450674057007, Avg. Time/Epoch = 25.523821306228637
FineAll: Epoch 940: Root accuracy on the dev set = 0.335149863760218
FineAll: Epoch 950: Total Loss = 8.824613064527512, Avg. Time/Epoch = 25.189356923103333
FineAll: Epoch 950: Root accuracy on the dev set = 0.33424159854677565
FineAll: Epoch 960: Total Loss = 8.891942113637924, Avg. Time/Epoch = 25.249134492874145
FineAll: Epoch 960: Root accuracy on the dev set = 0.3424159854677566
FineAll: Epoch 970: Total Loss = 8.923681735992432, Avg. Time/Epoch = 25.229292464256286
FineAll: Epoch 970: Root accuracy on the dev set = 0.34514078110808355
FineAll: Epoch 980: Total Loss = 8.879619643092155, Avg. Time/Epoch = 25.240017771720886
FineAll: Epoch 980: Root accuracy on the dev set = 0.3442325158946412
FineAll: Epoch 990: Total Loss = 8.822971656918526, Avg. Time/Epoch = 25.24381136894226
FineAll: Epoch 990: Root accuracy on the dev set = 0.34332425068119893
FineAll: Epoch 1000: Total Loss = 9.071700811386108, Avg. Time/Epoch = 25.252973771095277
FineAll: Epoch 1000: Root accuracy on the dev set = 0.3387829246139873
FineRoot: Epoch 10: Total Loss = 15.714278846979141, Avg. Time/Epoch = 43.56792879104614
FineRoot: Epoch 10: Root accuracy on the dev set = 0.9100817438692098
FineRoot: Epoch 20: Total Loss = 10.826304033398628, Avg. Time/Epoch = 43.536714744567874
FineRoot: Epoch 20: Root accuracy on the dev set = 0.9282470481380564
FineRoot: Epoch 30: Total Loss = 2.1921681724488735, Avg. Time/Epoch = 43.50713884830475
FineRoot: Epoch 30: Root accuracy on the dev set = 0.9927338782924614
FineRoot: Epoch 40: Total Loss = 1.3835329748690128, Avg. Time/Epoch = 43.935369157791136
FineRoot: Epoch 40: Root accuracy on the dev set = 0.997275204359673
FineRoot: Epoch 50: Total Loss = 0.9882397800683975, Avg. Time/Epoch = 44.459747314453125
FineRoot: Epoch 50: Root accuracy on the dev set = 0.997275204359673
FineRoot: Epoch 60: Total Loss = 0.765240628272295, Avg. Time/Epoch = 44.19383051395416
FineRoot: Epoch 60: Root accuracy on the dev set = 0.9990917347865577
FineRoot: Epoch 70: Total Loss = 0.5802465975284576, Avg. Time/Epoch = 44.24363269805908
FineRoot: Epoch 70: Root accuracy on the dev set = 0.9990917347865577
FineRoot: Epoch 80: Total Loss = 0.4870376940816641, Avg. Time/Epoch = 44.21723961830139
FineRoot: Epoch 80: Root accuracy on the dev set = 0.9990917347865577
FineRoot: Epoch 90: Total Loss = 0.9583632722496986, Avg. Time/Epoch = 44.5101158618927
FineRoot: Epoch 90: Root accuracy on the dev set = 0.997275204359673
FineRoot: Epoch 100: Total Loss = 0.550576088950038, Avg. Time/Epoch = 44.46442470550537
FineRoot: Epoch 100: Root accuracy on the dev set = 0.9990917347865577
FineRoot: Epoch 110: Total Loss = 0.5307717733085155, Avg. Time/Epoch = 44.435876083374026
FineRoot: Epoch 110: Root accuracy on the dev set = 0.9990917347865577
FineRoot: Epoch 120: Total Loss = 0.3230211213231087, Avg. Time/Epoch = 44.61501624584198
FineRoot: Epoch 120: Root accuracy on the dev set = 1.0
FineRoot: Epoch 130: Total Loss = 0.26467774994671345, Avg. Time/Epoch = 45.16419594287872
FineRoot: Epoch 130: Root accuracy on the dev set = 1.0
FineRoot: Epoch 140: Total Loss = 0.23374571930617094, Avg. Time/Epoch = 45.225009489059445
FineRoot: Epoch 140: Root accuracy on the dev set = 1.0
FineRoot: Epoch 150: Total Loss = 0.21276544639840722, Avg. Time/Epoch = 45.11300363540649
FineRoot: Epoch 150: Root accuracy on the dev set = 1.0
FineRoot: Epoch 160: Total Loss = 0.19912841403856874, Avg. Time/Epoch = 45.07539291381836
FineRoot: Epoch 160: Root accuracy on the dev set = 1.0
FineRoot: Epoch 170: Total Loss = 0.18851355090737343, Avg. Time/Epoch = 45.14126391410828
FineRoot: Epoch 170: Root accuracy on the dev set = 1.0
FineRoot: Epoch 180: Total Loss = 0.47801005002111197, Avg. Time/Epoch = 45.06936717033386
FineRoot: Epoch 180: Root accuracy on the dev set = 0.9990917347865577
FineRoot: Epoch 190: Total Loss = 0.2548064598813653, Avg. Time/Epoch = 44.979914975166324
FineRoot: Epoch 190: Root accuracy on the dev set = 1.0
FineRoot: Epoch 200: Total Loss = 0.20604251604527235, Avg. Time/Epoch = 45.03142144680023
FineRoot: Epoch 200: Root accuracy on the dev set = 1.0
FineRoot: Epoch 210: Total Loss = 0.186856921762228, Avg. Time/Epoch = 45.38189523220062
FineRoot: Epoch 210: Root accuracy on the dev set = 1.0
FineRoot: Epoch 220: Total Loss = 0.1765645034611225, Avg. Time/Epoch = 45.11864378452301
FineRoot: Epoch 220: Root accuracy on the dev set = 1.0
FineRoot: Epoch 230: Total Loss = 0.16932241804897785, Avg. Time/Epoch = 47.275964403152464
FineRoot: Epoch 230: Root accuracy on the dev set = 1.0
FineRoot: Epoch 240: Total Loss = 0.16194519633427262, Avg. Time/Epoch = 51.41931462287903
FineRoot: Epoch 240: Root accuracy on the dev set = 1.0
FineRoot: Epoch 250: Total Loss = 0.15574660105630755, Avg. Time/Epoch = 51.23632140159607
FineRoot: Epoch 250: Root accuracy on the dev set = 1.0
FineRoot: Epoch 260: Total Loss = 0.1494914134964347, Avg. Time/Epoch = 51.19220349788666
FineRoot: Epoch 260: Root accuracy on the dev set = 1.0
FineRoot: Epoch 270: Total Loss = 0.14492800179868937, Avg. Time/Epoch = 46.09749383926392
FineRoot: Epoch 270: Root accuracy on the dev set = 1.0
FineRoot: Epoch 280: Total Loss = 0.14044205797836185, Avg. Time/Epoch = 45.117981696128844
FineRoot: Epoch 280: Root accuracy on the dev set = 1.0
FineRoot: Epoch 290: Total Loss = 0.4873139467090368, Avg. Time/Epoch = 44.86543469429016
FineRoot: Epoch 290: Root accuracy on the dev set = 0.9990917347865577
FineRoot: Epoch 300: Total Loss = 0.1974677904509008, Avg. Time/Epoch = 44.57447853088379
FineRoot: Epoch 300: Root accuracy on the dev set = 1.0
FineRoot: Epoch 310: Total Loss = 0.15611467184498906, Avg. Time/Epoch = 44.54317598342895
FineRoot: Epoch 310: Root accuracy on the dev set = 1.0
FineRoot: Epoch 320: Total Loss = 0.13916654512286186, Avg. Time/Epoch = 44.26290898323059
FineRoot: Epoch 320: Root accuracy on the dev set = 1.0
FineRoot: Epoch 330: Total Loss = 0.13133320142515004, Avg. Time/Epoch = 44.0665899515152
FineRoot: Epoch 330: Root accuracy on the dev set = 1.0
FineRoot: Epoch 340: Total Loss = 0.12667149188928306, Avg. Time/Epoch = 44.037279987335204
FineRoot: Epoch 340: Root accuracy on the dev set = 1.0
FineRoot: Epoch 350: Total Loss = 0.1234227770473808, Avg. Time/Epoch = 44.10628402233124
FineRoot: Epoch 350: Root accuracy on the dev set = 1.0
FineRoot: Epoch 360: Total Loss = 0.12063198420219123, Avg. Time/Epoch = 44.086975240707396
FineRoot: Epoch 360: Root accuracy on the dev set = 1.0
FineRoot: Epoch 370: Total Loss = 0.11843965295702219, Avg. Time/Epoch = 43.78618447780609
FineRoot: Epoch 370: Root accuracy on the dev set = 1.0
FineRoot: Epoch 380: Total Loss = 0.11687154183164239, Avg. Time/Epoch = 43.644415163993834
FineRoot: Epoch 380: Root accuracy on the dev set = 1.0
FineRoot: Epoch 390: Total Loss = 0.11470513534732163, Avg. Time/Epoch = 43.943807530403134
FineRoot: Epoch 390: Root accuracy on the dev set = 1.0
FineRoot: Epoch 400: Total Loss = 0.11304133594967425, Avg. Time/Epoch = 43.87633039951324
FineRoot: Epoch 400: Root accuracy on the dev set = 1.0
FineRoot: Epoch 410: Total Loss = 0.11119682132266462, Avg. Time/Epoch = 44.064397072792055
FineRoot: Epoch 410: Root accuracy on the dev set = 1.0
FineRoot: Epoch 420: Total Loss = 0.10967853735201061, Avg. Time/Epoch = 43.81087372303009
FineRoot: Epoch 420: Root accuracy on the dev set = 1.0
FineRoot: Epoch 430: Total Loss = 0.10856764926575124, Avg. Time/Epoch = 43.700477075576785
FineRoot: Epoch 430: Root accuracy on the dev set = 1.0
FineRoot: Epoch 440: Total Loss = 0.10721924039535224, Avg. Time/Epoch = 43.74852368831635
FineRoot: Epoch 440: Root accuracy on the dev set = 1.0
FineRoot: Epoch 450: Total Loss = 0.10597057943232358, Avg. Time/Epoch = 43.447385263442996
FineRoot: Epoch 450: Root accuracy on the dev set = 1.0
FineRoot: Epoch 460: Total Loss = 0.10319884563796222, Avg. Time/Epoch = 43.594428992271425
FineRoot: Epoch 460: Root accuracy on the dev set = 1.0
FineRoot: Epoch 470: Total Loss = 0.10236019687727094, Avg. Time/Epoch = 44.20092208385468
FineRoot: Epoch 470: Root accuracy on the dev set = 1.0
FineRoot: Epoch 480: Total Loss = 0.1015655966475606, Avg. Time/Epoch = 44.509864640235904
FineRoot: Epoch 480: Root accuracy on the dev set = 1.0
FineRoot: Epoch 490: Total Loss = 0.10082454793155193, Avg. Time/Epoch = 44.76095292568207
FineRoot: Epoch 490: Root accuracy on the dev set = 1.0
FineRoot: Epoch 500: Total Loss = 0.09924282669089735, Avg. Time/Epoch = 44.58391070365906
FineRoot: Epoch 500: Root accuracy on the dev set = 1.0
FineRoot: Epoch 510: Total Loss = 0.09650011267513037, Avg. Time/Epoch = 44.61274383068085
FineRoot: Epoch 510: Root accuracy on the dev set = 1.0
FineRoot: Epoch 520: Total Loss = 0.09275865578092635, Avg. Time/Epoch = 44.49616124629974
FineRoot: Epoch 520: Root accuracy on the dev set = 1.0
FineRoot: Epoch 530: Total Loss = 0.23664260189980268, Avg. Time/Epoch = 44.470633792877194
FineRoot: Epoch 530: Root accuracy on the dev set = 0.9990917347865577
FineRoot: Epoch 540: Total Loss = 0.14952769363299012, Avg. Time/Epoch = 44.514920473098755
FineRoot: Epoch 540: Root accuracy on the dev set = 1.0
FineRoot: Epoch 550: Total Loss = 0.11021300312131643, Avg. Time/Epoch = 44.5092875957489
FineRoot: Epoch 550: Root accuracy on the dev set = 1.0
FineRoot: Epoch 560: Total Loss = 0.09789954009465873, Avg. Time/Epoch = 44.65802083015442
FineRoot: Epoch 560: Root accuracy on the dev set = 1.0
FineRoot: Epoch 570: Total Loss = 0.09163949731737375, Avg. Time/Epoch = 44.503095865249634
FineRoot: Epoch 570: Root accuracy on the dev set = 1.0
FineRoot: Epoch 580: Total Loss = 0.09191040880978107, Avg. Time/Epoch = 44.57299983501434
FineRoot: Epoch 580: Root accuracy on the dev set = 1.0
FineRoot: Epoch 590: Total Loss = 0.08681500074453652, Avg. Time/Epoch = 44.741051292419435
FineRoot: Epoch 590: Root accuracy on the dev set = 1.0
FineRoot: Epoch 600: Total Loss = 0.08483163546770811, Avg. Time/Epoch = 44.36111242771149
FineRoot: Epoch 600: Root accuracy on the dev set = 1.0
FineRoot: Epoch 610: Total Loss = 0.08329214784316719, Avg. Time/Epoch = 44.38691055774689
FineRoot: Epoch 610: Root accuracy on the dev set = 1.0
FineRoot: Epoch 620: Total Loss = 0.08212835458107293, Avg. Time/Epoch = 44.38593134880066
FineRoot: Epoch 620: Root accuracy on the dev set = 1.0
FineRoot: Epoch 630: Total Loss = 0.0811103549785912, Avg. Time/Epoch = 44.46624264717102
FineRoot: Epoch 630: Root accuracy on the dev set = 1.0
FineRoot: Epoch 640: Total Loss = 0.08048692368902266, Avg. Time/Epoch = 44.416096329689026
FineRoot: Epoch 640: Root accuracy on the dev set = 1.0
FineRoot: Epoch 650: Total Loss = 0.0800186621490866, Avg. Time/Epoch = 44.40531885623932
FineRoot: Epoch 650: Root accuracy on the dev set = 1.0
FineRoot: Epoch 660: Total Loss = 0.07960193022154272, Avg. Time/Epoch = 44.3274050951004
FineRoot: Epoch 660: Root accuracy on the dev set = 1.0
FineRoot: Epoch 670: Total Loss = 0.22502525616437197, Avg. Time/Epoch = 44.36122570037842
FineRoot: Epoch 670: Root accuracy on the dev set = 1.0
FineRoot: Epoch 680: Total Loss = 0.12495645321905613, Avg. Time/Epoch = 44.45942800045013
FineRoot: Epoch 680: Root accuracy on the dev set = 1.0
FineRoot: Epoch 690: Total Loss = 0.0990514219738543, Avg. Time/Epoch = 44.62762858867645
FineRoot: Epoch 690: Root accuracy on the dev set = 1.0
FineRoot: Epoch 700: Total Loss = 0.0893921593669802, Avg. Time/Epoch = 43.87372279167175
FineRoot: Epoch 700: Root accuracy on the dev set = 1.0
FineRoot: Epoch 710: Total Loss = 0.08311989204958081, Avg. Time/Epoch = 43.93209373950958
FineRoot: Epoch 710: Root accuracy on the dev set = 1.0
FineRoot: Epoch 720: Total Loss = 0.07908276235684752, Avg. Time/Epoch = 44.063269066810605
FineRoot: Epoch 720: Root accuracy on the dev set = 1.0
FineRoot: Epoch 730: Total Loss = 0.07668737601488829, Avg. Time/Epoch = 44.512972021102904
FineRoot: Epoch 730: Root accuracy on the dev set = 1.0
FineRoot: Epoch 740: Total Loss = 0.07332675065845251, Avg. Time/Epoch = 44.474374127388
FineRoot: Epoch 740: Root accuracy on the dev set = 1.0
FineRoot: Epoch 750: Total Loss = 0.07133885566145182, Avg. Time/Epoch = 44.640815305709836
FineRoot: Epoch 750: Root accuracy on the dev set = 1.0
FineRoot: Epoch 760: Total Loss = 0.0693456674925983, Avg. Time/Epoch = 44.67068703174591
FineRoot: Epoch 760: Root accuracy on the dev set = 1.0
FineRoot: Epoch 770: Total Loss = 0.06890690512955189, Avg. Time/Epoch = 44.71891567707062
FineRoot: Epoch 770: Root accuracy on the dev set = 1.0
FineRoot: Epoch 780: Total Loss = 0.06861827103421092, Avg. Time/Epoch = 44.74802806377411
FineRoot: Epoch 780: Root accuracy on the dev set = 1.0
FineRoot: Epoch 790: Total Loss = 0.06845190213061869, Avg. Time/Epoch = 44.77743468284607
FineRoot: Epoch 790: Root accuracy on the dev set = 1.0
FineRoot: Epoch 800: Total Loss = 0.06821881630457938, Avg. Time/Epoch = 44.59144217967987
FineRoot: Epoch 800: Root accuracy on the dev set = 1.0
FineRoot: Epoch 810: Total Loss = 0.06800474668852985, Avg. Time/Epoch = 44.41998035907746
FineRoot: Epoch 810: Root accuracy on the dev set = 1.0
FineRoot: Epoch 820: Total Loss = 1.3071153797209263, Avg. Time/Epoch = 44.54343860149383
FineRoot: Epoch 820: Root accuracy on the dev set = 0.9990917347865577
FineRoot: Epoch 830: Total Loss = 0.12296977709047496, Avg. Time/Epoch = 44.44613981246948
FineRoot: Epoch 830: Root accuracy on the dev set = 1.0
FineRoot: Epoch 840: Total Loss = 0.09647557977586985, Avg. Time/Epoch = 44.58664171695709
FineRoot: Epoch 840: Root accuracy on the dev set = 1.0
FineRoot: Epoch 850: Total Loss = 0.085545759415254, Avg. Time/Epoch = 43.740304017066954
FineRoot: Epoch 850: Root accuracy on the dev set = 1.0
FineRoot: Epoch 860: Total Loss = 0.0786560564301908, Avg. Time/Epoch = 44.38560144901275
FineRoot: Epoch 860: Root accuracy on the dev set = 1.0
FineRoot: Epoch 870: Total Loss = 0.14183364436030388, Avg. Time/Epoch = 44.41271810531616
FineRoot: Epoch 870: Root accuracy on the dev set = 1.0
FineRoot: Epoch 880: Total Loss = 0.0813326514326036, Avg. Time/Epoch = 44.31172034740448
FineRoot: Epoch 880: Root accuracy on the dev set = 1.0
FineRoot: Epoch 890: Total Loss = 0.07444421318359673, Avg. Time/Epoch = 44.37950427532196
FineRoot: Epoch 890: Root accuracy on the dev set = 1.0
FineRoot: Epoch 900: Total Loss = 0.07126360130496323, Avg. Time/Epoch = 44.00760653018951
FineRoot: Epoch 900: Root accuracy on the dev set = 1.0
FineRoot: Epoch 910: Total Loss = 0.06886166101321578, Avg. Time/Epoch = 44.077155923843385
FineRoot: Epoch 910: Root accuracy on the dev set = 1.0
FineRoot: Epoch 920: Total Loss = 0.06780551071278751, Avg. Time/Epoch = 43.99513101577759
FineRoot: Epoch 920: Root accuracy on the dev set = 1.0
FineRoot: Epoch 930: Total Loss = 0.10383148840628564, Avg. Time/Epoch = 43.862383770942685
FineRoot: Epoch 930: Root accuracy on the dev set = 1.0
FineRoot: Epoch 940: Total Loss = 0.07605480682104826, Avg. Time/Epoch = 44.12547311782837
FineRoot: Epoch 940: Root accuracy on the dev set = 1.0
FineRoot: Epoch 950: Total Loss = 0.07164298021234572, Avg. Time/Epoch = 44.298526310920714
FineRoot: Epoch 950: Root accuracy on the dev set = 1.0
FineRoot: Epoch 960: Total Loss = 0.06911889696493745, Avg. Time/Epoch = 44.09865345954895
FineRoot: Epoch 960: Root accuracy on the dev set = 1.0
FineRoot: Epoch 970: Total Loss = 0.0670155887492001, Avg. Time/Epoch = 43.89368116855621
FineRoot: Epoch 970: Root accuracy on the dev set = 1.0
FineRoot: Epoch 980: Total Loss = 0.06625025626271963, Avg. Time/Epoch = 44.02375400066376
FineRoot: Epoch 980: Root accuracy on the dev set = 1.0
FineRoot: Epoch 990: Total Loss = 0.065840256633237, Avg. Time/Epoch = 44.333947110176084
FineRoot: Epoch 990: Root accuracy on the dev set = 1.0
FineRoot: Epoch 1000: Total Loss = 0.06554721586871892, Avg. Time/Epoch = 44.136048436164856
FineRoot: Epoch 1000: Root accuracy on the dev set = 1.0
Traceback (most recent call last):
  File "compareOptimizationTarget.py", line 132, in <module>
    print('FineAll: Phrase Accuracy on test set = {}'.format(e, accuracy[-1]))
NameError: name 'accuracy' is not defined
